2021/01/27 14:40:57 : Traceback (most recent call last):
  File "/home/phuonglc/project/project_v32/cartmigration/controllers/migration.py", line 665, in storage_data
    getattr(self.get_source_cart(), 'finish_storage_data')()
  File "/home/phuonglc/project/project_v32/cartmigration/models/basecart.py", line 3932, in finish_storage_data
    folder_upload = self.get_folder_upload(self._migration_id)
  File "/home/phuonglc/project/project_v32/cartmigration/models/basecart.py", line 3944, in get_folder_upload
    folder_upload = root_path + '/' + DIR_UPLOAD + '/' + get_config_ini('src', 'file', file = 'test.ini')
TypeError: can only concatenate str (not "NoneType") to str

2021/01/27 14:41:01 : products_errors 9: Traceback (most recent call last):
  File "/home/phuonglc/project/project_v32/cartmigration/controllers/migration.py", line 1072, in migration
    import_data = fn_import(convert_data, main, ext)
  File "/home/phuonglc/project/project_v32/cartmigration/models/cart/woocommerce.py", line 3566, in product_import
    self.import_data_connector(self.create_insert_query_connector("term_relationships"), {
TypeError: create_insert_query_connector() missing 1 required positional argument: 'data'

2021/01/27 14:41:01 : products_errors 10: Traceback (most recent call last):
  File "/home/phuonglc/project/project_v32/cartmigration/controllers/migration.py", line 1072, in migration
    import_data = fn_import(convert_data, main, ext)
  File "/home/phuonglc/project/project_v32/cartmigration/models/cart/woocommerce.py", line 3566, in product_import
    self.import_data_connector(self.create_insert_query_connector("term_relationships"), {
TypeError: create_insert_query_connector() missing 1 required positional argument: 'data'

2021/01/27 14:41:01 : products_errors 16: Traceback (most recent call last):
  File "/home/phuonglc/project/project_v32/cartmigration/controllers/migration.py", line 1072, in migration
    import_data = fn_import(convert_data, main, ext)
  File "/home/phuonglc/project/project_v32/cartmigration/models/cart/woocommerce.py", line 3566, in product_import
    self.import_data_connector(self.create_insert_query_connector("term_relationships"), {
TypeError: create_insert_query_connector() missing 1 required positional argument: 'data'

2021/01/27 14:41:01 : products_errors 17: Traceback (most recent call last):
  File "/home/phuonglc/project/project_v32/cartmigration/controllers/migration.py", line 1072, in migration
    import_data = fn_import(convert_data, main, ext)
  File "/home/phuonglc/project/project_v32/cartmigration/models/cart/woocommerce.py", line 3566, in product_import
    self.import_data_connector(self.create_insert_query_connector("term_relationships"), {
TypeError: create_insert_query_connector() missing 1 required positional argument: 'data'

2021/01/27 14:41:02 : products_errors 18: Traceback (most recent call last):
  File "/home/phuonglc/project/project_v32/cartmigration/controllers/migration.py", line 1072, in migration
    import_data = fn_import(convert_data, main, ext)
  File "/home/phuonglc/project/project_v32/cartmigration/models/cart/woocommerce.py", line 3566, in product_import
    self.import_data_connector(self.create_insert_query_connector("term_relationships"), {
TypeError: create_insert_query_connector() missing 1 required positional argument: 'data'

2021/01/27 14:41:02 : products_errors 19: Traceback (most recent call last):
  File "/home/phuonglc/project/project_v32/cartmigration/controllers/migration.py", line 1072, in migration
    import_data = fn_import(convert_data, main, ext)
  File "/home/phuonglc/project/project_v32/cartmigration/models/cart/woocommerce.py", line 3566, in product_import
    self.import_data_connector(self.create_insert_query_connector("term_relationships"), {
TypeError: create_insert_query_connector() missing 1 required positional argument: 'data'

2021/01/27 14:41:02 : products_errors 20: Traceback (most recent call last):
  File "/home/phuonglc/project/project_v32/cartmigration/controllers/migration.py", line 1072, in migration
    import_data = fn_import(convert_data, main, ext)
  File "/home/phuonglc/project/project_v32/cartmigration/models/cart/woocommerce.py", line 3566, in product_import
    self.import_data_connector(self.create_insert_query_connector("term_relationships"), {
TypeError: create_insert_query_connector() missing 1 required positional argument: 'data'

2021/01/27 14:41:02 : products_errors 22: Traceback (most recent call last):
  File "/home/phuonglc/project/project_v32/cartmigration/controllers/migration.py", line 1072, in migration
    import_data = fn_import(convert_data, main, ext)
  File "/home/phuonglc/project/project_v32/cartmigration/models/cart/woocommerce.py", line 3566, in product_import
    self.import_data_connector(self.create_insert_query_connector("term_relationships"), {
TypeError: create_insert_query_connector() missing 1 required positional argument: 'data'

2021/01/27 14:41:02 : products_errors 23: Traceback (most recent call last):
  File "/home/phuonglc/project/project_v32/cartmigration/controllers/migration.py", line 1072, in migration
    import_data = fn_import(convert_data, main, ext)
  File "/home/phuonglc/project/project_v32/cartmigration/models/cart/woocommerce.py", line 3566, in product_import
    self.import_data_connector(self.create_insert_query_connector("term_relationships"), {
TypeError: create_insert_query_connector() missing 1 required positional argument: 'data'

2021/01/27 14:41:02 : products_errors 24: Traceback (most recent call last):
  File "/home/phuonglc/project/project_v32/cartmigration/controllers/migration.py", line 1072, in migration
    import_data = fn_import(convert_data, main, ext)
  File "/home/phuonglc/project/project_v32/cartmigration/models/cart/woocommerce.py", line 3566, in product_import
    self.import_data_connector(self.create_insert_query_connector("term_relationships"), {
TypeError: create_insert_query_connector() missing 1 required positional argument: 'data'

2021/01/27 14:41:02 : products_errors 25: Traceback (most recent call last):
  File "/home/phuonglc/project/project_v32/cartmigration/controllers/migration.py", line 1072, in migration
    import_data = fn_import(convert_data, main, ext)
  File "/home/phuonglc/project/project_v32/cartmigration/models/cart/woocommerce.py", line 3566, in product_import
    self.import_data_connector(self.create_insert_query_connector("term_relationships"), {
TypeError: create_insert_query_connector() missing 1 required positional argument: 'data'

2021/01/27 14:41:02 : products_errors 37: Traceback (most recent call last):
  File "/home/phuonglc/project/project_v32/cartmigration/controllers/migration.py", line 1072, in migration
    import_data = fn_import(convert_data, main, ext)
  File "/home/phuonglc/project/project_v32/cartmigration/models/cart/woocommerce.py", line 3566, in product_import
    self.import_data_connector(self.create_insert_query_connector("term_relationships"), {
TypeError: create_insert_query_connector() missing 1 required positional argument: 'data'

2021/01/27 14:41:02 : products_errors 39: Traceback (most recent call last):
  File "/home/phuonglc/project/project_v32/cartmigration/controllers/migration.py", line 1072, in migration
    import_data = fn_import(convert_data, main, ext)
  File "/home/phuonglc/project/project_v32/cartmigration/models/cart/woocommerce.py", line 3566, in product_import
    self.import_data_connector(self.create_insert_query_connector("term_relationships"), {
TypeError: create_insert_query_connector() missing 1 required positional argument: 'data'

2021/01/27 14:41:02 : products_errors 41: Traceback (most recent call last):
  File "/home/phuonglc/project/project_v32/cartmigration/controllers/migration.py", line 1072, in migration
    import_data = fn_import(convert_data, main, ext)
  File "/home/phuonglc/project/project_v32/cartmigration/models/cart/woocommerce.py", line 3566, in product_import
    self.import_data_connector(self.create_insert_query_connector("term_relationships"), {
TypeError: create_insert_query_connector() missing 1 required positional argument: 'data'

2021/01/27 14:41:02 : products_errors 42: Traceback (most recent call last):
  File "/home/phuonglc/project/project_v32/cartmigration/controllers/migration.py", line 1072, in migration
    import_data = fn_import(convert_data, main, ext)
  File "/home/phuonglc/project/project_v32/cartmigration/models/cart/woocommerce.py", line 3566, in product_import
    self.import_data_connector(self.create_insert_query_connector("term_relationships"), {
TypeError: create_insert_query_connector() missing 1 required positional argument: 'data'

2021/01/27 14:41:02 : products_errors 43: Traceback (most recent call last):
  File "/home/phuonglc/project/project_v32/cartmigration/controllers/migration.py", line 1072, in migration
    import_data = fn_import(convert_data, main, ext)
  File "/home/phuonglc/project/project_v32/cartmigration/models/cart/woocommerce.py", line 3566, in product_import
    self.import_data_connector(self.create_insert_query_connector("term_relationships"), {
TypeError: create_insert_query_connector() missing 1 required positional argument: 'data'

2021/01/27 14:41:02 : products_errors 44: Traceback (most recent call last):
  File "/home/phuonglc/project/project_v32/cartmigration/controllers/migration.py", line 1072, in migration
    import_data = fn_import(convert_data, main, ext)
  File "/home/phuonglc/project/project_v32/cartmigration/models/cart/woocommerce.py", line 3566, in product_import
    self.import_data_connector(self.create_insert_query_connector("term_relationships"), {
TypeError: create_insert_query_connector() missing 1 required positional argument: 'data'

2021/01/27 14:41:02 : products_errors 47: Traceback (most recent call last):
  File "/home/phuonglc/project/project_v32/cartmigration/controllers/migration.py", line 1072, in migration
    import_data = fn_import(convert_data, main, ext)
  File "/home/phuonglc/project/project_v32/cartmigration/models/cart/woocommerce.py", line 3566, in product_import
    self.import_data_connector(self.create_insert_query_connector("term_relationships"), {
TypeError: create_insert_query_connector() missing 1 required positional argument: 'data'

2021/01/27 14:41:02 : products_errors 48: Traceback (most recent call last):
  File "/home/phuonglc/project/project_v32/cartmigration/controllers/migration.py", line 1072, in migration
    import_data = fn_import(convert_data, main, ext)
  File "/home/phuonglc/project/project_v32/cartmigration/models/cart/woocommerce.py", line 3566, in product_import
    self.import_data_connector(self.create_insert_query_connector("term_relationships"), {
TypeError: create_insert_query_connector() missing 1 required positional argument: 'data'

2021/01/27 14:41:02 : products_errors 49: Traceback (most recent call last):
  File "/home/phuonglc/project/project_v32/cartmigration/controllers/migration.py", line 1072, in migration
    import_data = fn_import(convert_data, main, ext)
  File "/home/phuonglc/project/project_v32/cartmigration/models/cart/woocommerce.py", line 3566, in product_import
    self.import_data_connector(self.create_insert_query_connector("term_relationships"), {
TypeError: create_insert_query_connector() missing 1 required positional argument: 'data'

2021/01/27 14:41:08 : orders_errors 8: Traceback (most recent call last):
  File "/home/phuonglc/project/project_v32/cartmigration/controllers/migration.py", line 1036, in migration
    convert = fn_convert_export(main, ext)
  File "/home/phuonglc/project/project_v32/cartmigration/models/cart/custom.py", line 1160, in convert_order_export
    shipping_details = [x for x in data if x['class'] == 'ot_shipping'][0]
IndexError: list index out of range

