2021/01/27 14:41:01 : products_errors 9: Traceback (most recent call last):
  File "/home/phuonglc/project/project_v32/cartmigration/controllers/migration.py", line 1072, in migration
    import_data = fn_import(convert_data, main, ext)
  File "/home/phuonglc/project/project_v32/cartmigration/models/cart/woocommerce.py", line 3566, in product_import
    self.import_data_connector(self.create_insert_query_connector("term_relationships"), {
TypeError: create_insert_query_connector() missing 1 required positional argument: 'data'

2021/01/27 14:41:01 : products_errors 10: Traceback (most recent call last):
  File "/home/phuonglc/project/project_v32/cartmigration/controllers/migration.py", line 1072, in migration
    import_data = fn_import(convert_data, main, ext)
  File "/home/phuonglc/project/project_v32/cartmigration/models/cart/woocommerce.py", line 3566, in product_import
    self.import_data_connector(self.create_insert_query_connector("term_relationships"), {
TypeError: create_insert_query_connector() missing 1 required positional argument: 'data'

2021/01/27 14:41:01 : products_errors 16: Traceback (most recent call last):
  File "/home/phuonglc/project/project_v32/cartmigration/controllers/migration.py", line 1072, in migration
    import_data = fn_import(convert_data, main, ext)
  File "/home/phuonglc/project/project_v32/cartmigration/models/cart/woocommerce.py", line 3566, in product_import
    self.import_data_connector(self.create_insert_query_connector("term_relationships"), {
TypeError: create_insert_query_connector() missing 1 required positional argument: 'data'

2021/01/27 14:41:01 : products_errors 17: Traceback (most recent call last):
  File "/home/phuonglc/project/project_v32/cartmigration/controllers/migration.py", line 1072, in migration
    import_data = fn_import(convert_data, main, ext)
  File "/home/phuonglc/project/project_v32/cartmigration/models/cart/woocommerce.py", line 3566, in product_import
    self.import_data_connector(self.create_insert_query_connector("term_relationships"), {
TypeError: create_insert_query_connector() missing 1 required positional argument: 'data'

2021/01/27 14:41:02 : products_errors 18: Traceback (most recent call last):
  File "/home/phuonglc/project/project_v32/cartmigration/controllers/migration.py", line 1072, in migration
    import_data = fn_import(convert_data, main, ext)
  File "/home/phuonglc/project/project_v32/cartmigration/models/cart/woocommerce.py", line 3566, in product_import
    self.import_data_connector(self.create_insert_query_connector("term_relationships"), {
TypeError: create_insert_query_connector() missing 1 required positional argument: 'data'

2021/01/27 14:41:02 : products_errors 19: Traceback (most recent call last):
  File "/home/phuonglc/project/project_v32/cartmigration/controllers/migration.py", line 1072, in migration
    import_data = fn_import(convert_data, main, ext)
  File "/home/phuonglc/project/project_v32/cartmigration/models/cart/woocommerce.py", line 3566, in product_import
    self.import_data_connector(self.create_insert_query_connector("term_relationships"), {
TypeError: create_insert_query_connector() missing 1 required positional argument: 'data'

2021/01/27 14:41:02 : products_errors 20: Traceback (most recent call last):
  File "/home/phuonglc/project/project_v32/cartmigration/controllers/migration.py", line 1072, in migration
    import_data = fn_import(convert_data, main, ext)
  File "/home/phuonglc/project/project_v32/cartmigration/models/cart/woocommerce.py", line 3566, in product_import
    self.import_data_connector(self.create_insert_query_connector("term_relationships"), {
TypeError: create_insert_query_connector() missing 1 required positional argument: 'data'

2021/01/27 14:41:02 : products_errors 22: Traceback (most recent call last):
  File "/home/phuonglc/project/project_v32/cartmigration/controllers/migration.py", line 1072, in migration
    import_data = fn_import(convert_data, main, ext)
  File "/home/phuonglc/project/project_v32/cartmigration/models/cart/woocommerce.py", line 3566, in product_import
    self.import_data_connector(self.create_insert_query_connector("term_relationships"), {
TypeError: create_insert_query_connector() missing 1 required positional argument: 'data'

2021/01/27 14:41:02 : products_errors 23: Traceback (most recent call last):
  File "/home/phuonglc/project/project_v32/cartmigration/controllers/migration.py", line 1072, in migration
    import_data = fn_import(convert_data, main, ext)
  File "/home/phuonglc/project/project_v32/cartmigration/models/cart/woocommerce.py", line 3566, in product_import
    self.import_data_connector(self.create_insert_query_connector("term_relationships"), {
TypeError: create_insert_query_connector() missing 1 required positional argument: 'data'

2021/01/27 14:41:02 : products_errors 24: Traceback (most recent call last):
  File "/home/phuonglc/project/project_v32/cartmigration/controllers/migration.py", line 1072, in migration
    import_data = fn_import(convert_data, main, ext)
  File "/home/phuonglc/project/project_v32/cartmigration/models/cart/woocommerce.py", line 3566, in product_import
    self.import_data_connector(self.create_insert_query_connector("term_relationships"), {
TypeError: create_insert_query_connector() missing 1 required positional argument: 'data'

2021/01/27 14:41:02 : products_errors 25: Traceback (most recent call last):
  File "/home/phuonglc/project/project_v32/cartmigration/controllers/migration.py", line 1072, in migration
    import_data = fn_import(convert_data, main, ext)
  File "/home/phuonglc/project/project_v32/cartmigration/models/cart/woocommerce.py", line 3566, in product_import
    self.import_data_connector(self.create_insert_query_connector("term_relationships"), {
TypeError: create_insert_query_connector() missing 1 required positional argument: 'data'

2021/01/27 14:41:02 : products_errors 37: Traceback (most recent call last):
  File "/home/phuonglc/project/project_v32/cartmigration/controllers/migration.py", line 1072, in migration
    import_data = fn_import(convert_data, main, ext)
  File "/home/phuonglc/project/project_v32/cartmigration/models/cart/woocommerce.py", line 3566, in product_import
    self.import_data_connector(self.create_insert_query_connector("term_relationships"), {
TypeError: create_insert_query_connector() missing 1 required positional argument: 'data'

2021/01/27 14:41:02 : products_errors 39: Traceback (most recent call last):
  File "/home/phuonglc/project/project_v32/cartmigration/controllers/migration.py", line 1072, in migration
    import_data = fn_import(convert_data, main, ext)
  File "/home/phuonglc/project/project_v32/cartmigration/models/cart/woocommerce.py", line 3566, in product_import
    self.import_data_connector(self.create_insert_query_connector("term_relationships"), {
TypeError: create_insert_query_connector() missing 1 required positional argument: 'data'

2021/01/27 14:41:02 : products_errors 41: Traceback (most recent call last):
  File "/home/phuonglc/project/project_v32/cartmigration/controllers/migration.py", line 1072, in migration
    import_data = fn_import(convert_data, main, ext)
  File "/home/phuonglc/project/project_v32/cartmigration/models/cart/woocommerce.py", line 3566, in product_import
    self.import_data_connector(self.create_insert_query_connector("term_relationships"), {
TypeError: create_insert_query_connector() missing 1 required positional argument: 'data'

2021/01/27 14:41:02 : products_errors 42: Traceback (most recent call last):
  File "/home/phuonglc/project/project_v32/cartmigration/controllers/migration.py", line 1072, in migration
    import_data = fn_import(convert_data, main, ext)
  File "/home/phuonglc/project/project_v32/cartmigration/models/cart/woocommerce.py", line 3566, in product_import
    self.import_data_connector(self.create_insert_query_connector("term_relationships"), {
TypeError: create_insert_query_connector() missing 1 required positional argument: 'data'

2021/01/27 14:41:02 : products_errors 43: Traceback (most recent call last):
  File "/home/phuonglc/project/project_v32/cartmigration/controllers/migration.py", line 1072, in migration
    import_data = fn_import(convert_data, main, ext)
  File "/home/phuonglc/project/project_v32/cartmigration/models/cart/woocommerce.py", line 3566, in product_import
    self.import_data_connector(self.create_insert_query_connector("term_relationships"), {
TypeError: create_insert_query_connector() missing 1 required positional argument: 'data'

2021/01/27 14:41:02 : products_errors 44: Traceback (most recent call last):
  File "/home/phuonglc/project/project_v32/cartmigration/controllers/migration.py", line 1072, in migration
    import_data = fn_import(convert_data, main, ext)
  File "/home/phuonglc/project/project_v32/cartmigration/models/cart/woocommerce.py", line 3566, in product_import
    self.import_data_connector(self.create_insert_query_connector("term_relationships"), {
TypeError: create_insert_query_connector() missing 1 required positional argument: 'data'

2021/01/27 14:41:02 : products_errors 47: Traceback (most recent call last):
  File "/home/phuonglc/project/project_v32/cartmigration/controllers/migration.py", line 1072, in migration
    import_data = fn_import(convert_data, main, ext)
  File "/home/phuonglc/project/project_v32/cartmigration/models/cart/woocommerce.py", line 3566, in product_import
    self.import_data_connector(self.create_insert_query_connector("term_relationships"), {
TypeError: create_insert_query_connector() missing 1 required positional argument: 'data'

2021/01/27 14:41:02 : products_errors 48: Traceback (most recent call last):
  File "/home/phuonglc/project/project_v32/cartmigration/controllers/migration.py", line 1072, in migration
    import_data = fn_import(convert_data, main, ext)
  File "/home/phuonglc/project/project_v32/cartmigration/models/cart/woocommerce.py", line 3566, in product_import
    self.import_data_connector(self.create_insert_query_connector("term_relationships"), {
TypeError: create_insert_query_connector() missing 1 required positional argument: 'data'

2021/01/27 14:41:02 : products_errors 49: Traceback (most recent call last):
  File "/home/phuonglc/project/project_v32/cartmigration/controllers/migration.py", line 1072, in migration
    import_data = fn_import(convert_data, main, ext)
  File "/home/phuonglc/project/project_v32/cartmigration/models/cart/woocommerce.py", line 3566, in product_import
    self.import_data_connector(self.create_insert_query_connector("term_relationships"), {
TypeError: create_insert_query_connector() missing 1 required positional argument: 'data'

