2021/01/27 14:10:31 : categories_errors 2: Traceback (most recent call last):
  File "/home/phuonglc/project/project_v32/cartmigration/controllers/migration.py", line 1072, in migration
    import_data = fn_import(convert_data, main, ext)
  File "/home/phuonglc/project/project_v32/cartmigration/models/cart/woocommerce.py", line 2278, in category_import
    "count":len(convert['categories_ext']['products_to_categories'])
KeyError: 'products_to_categories'

2021/01/27 14:10:31 : categories_errors 3: Traceback (most recent call last):
  File "/home/phuonglc/project/project_v32/cartmigration/controllers/migration.py", line 1072, in migration
    import_data = fn_import(convert_data, main, ext)
  File "/home/phuonglc/project/project_v32/cartmigration/models/cart/woocommerce.py", line 2278, in category_import
    "count":len(convert['categories_ext']['products_to_categories'])
KeyError: 'products_to_categories'

2021/01/27 14:10:31 : categories_errors 4: Traceback (most recent call last):
  File "/home/phuonglc/project/project_v32/cartmigration/controllers/migration.py", line 1072, in migration
    import_data = fn_import(convert_data, main, ext)
  File "/home/phuonglc/project/project_v32/cartmigration/models/cart/woocommerce.py", line 2278, in category_import
    "count":len(convert['categories_ext']['products_to_categories'])
KeyError: 'products_to_categories'

2021/01/27 14:10:31 : categories_errors 5: Traceback (most recent call last):
  File "/home/phuonglc/project/project_v32/cartmigration/controllers/migration.py", line 1072, in migration
    import_data = fn_import(convert_data, main, ext)
  File "/home/phuonglc/project/project_v32/cartmigration/models/cart/woocommerce.py", line 2278, in category_import
    "count":len(convert['categories_ext']['products_to_categories'])
KeyError: 'products_to_categories'

2021/01/27 14:10:31 : categories_errors 6: Traceback (most recent call last):
  File "/home/phuonglc/project/project_v32/cartmigration/controllers/migration.py", line 1072, in migration
    import_data = fn_import(convert_data, main, ext)
  File "/home/phuonglc/project/project_v32/cartmigration/models/cart/woocommerce.py", line 2278, in category_import
    "count":len(convert['categories_ext']['products_to_categories'])
KeyError: 'products_to_categories'

2021/01/27 14:10:31 : categories_errors 7: Traceback (most recent call last):
  File "/home/phuonglc/project/project_v32/cartmigration/controllers/migration.py", line 1072, in migration
    import_data = fn_import(convert_data, main, ext)
  File "/home/phuonglc/project/project_v32/cartmigration/models/cart/woocommerce.py", line 2278, in category_import
    "count":len(convert['categories_ext']['products_to_categories'])
KeyError: 'products_to_categories'

2021/01/27 14:10:31 : categories_errors 8: Traceback (most recent call last):
  File "/home/phuonglc/project/project_v32/cartmigration/controllers/migration.py", line 1072, in migration
    import_data = fn_import(convert_data, main, ext)
  File "/home/phuonglc/project/project_v32/cartmigration/models/cart/woocommerce.py", line 2286, in category_import
    parent_id = self.import_category_parent(convert['parent'])
  File "/home/phuonglc/project/project_v32/cartmigration/models/cart/woocommerce.py", line 5107, in import_category_parent
    category_parent_import = self.category_import(convert_parent, category, categories_ext)
  File "/home/phuonglc/project/project_v32/cartmigration/models/cart/woocommerce.py", line 2278, in category_import
    "count":len(convert['categories_ext']['products_to_categories'])
KeyError: 'products_to_categories'

2021/01/27 14:10:31 : categories_errors 9: Traceback (most recent call last):
  File "/home/phuonglc/project/project_v32/cartmigration/controllers/migration.py", line 1072, in migration
    import_data = fn_import(convert_data, main, ext)
  File "/home/phuonglc/project/project_v32/cartmigration/models/cart/woocommerce.py", line 2278, in category_import
    "count":len(convert['categories_ext']['products_to_categories'])
KeyError: 'products_to_categories'

2021/01/27 14:10:31 : categories_errors 10: Traceback (most recent call last):
  File "/home/phuonglc/project/project_v32/cartmigration/controllers/migration.py", line 1072, in migration
    import_data = fn_import(convert_data, main, ext)
  File "/home/phuonglc/project/project_v32/cartmigration/models/cart/woocommerce.py", line 2278, in category_import
    "count":len(convert['categories_ext']['products_to_categories'])
KeyError: 'products_to_categories'

2021/01/27 14:10:31 : categories_errors 11: Traceback (most recent call last):
  File "/home/phuonglc/project/project_v32/cartmigration/controllers/migration.py", line 1072, in migration
    import_data = fn_import(convert_data, main, ext)
  File "/home/phuonglc/project/project_v32/cartmigration/models/cart/woocommerce.py", line 2278, in category_import
    "count":len(convert['categories_ext']['products_to_categories'])
KeyError: 'products_to_categories'

2021/01/27 14:10:31 : categories_errors 12: Traceback (most recent call last):
  File "/home/phuonglc/project/project_v32/cartmigration/controllers/migration.py", line 1072, in migration
    import_data = fn_import(convert_data, main, ext)
  File "/home/phuonglc/project/project_v32/cartmigration/models/cart/woocommerce.py", line 2278, in category_import
    "count":len(convert['categories_ext']['products_to_categories'])
KeyError: 'products_to_categories'

2021/01/27 14:10:31 : categories_errors 13: Traceback (most recent call last):
  File "/home/phuonglc/project/project_v32/cartmigration/controllers/migration.py", line 1072, in migration
    import_data = fn_import(convert_data, main, ext)
  File "/home/phuonglc/project/project_v32/cartmigration/models/cart/woocommerce.py", line 2286, in category_import
    parent_id = self.import_category_parent(convert['parent'])
  File "/home/phuonglc/project/project_v32/cartmigration/models/cart/woocommerce.py", line 5107, in import_category_parent
    category_parent_import = self.category_import(convert_parent, category, categories_ext)
  File "/home/phuonglc/project/project_v32/cartmigration/models/cart/woocommerce.py", line 2278, in category_import
    "count":len(convert['categories_ext']['products_to_categories'])
KeyError: 'products_to_categories'

2021/01/27 14:10:31 : categories_errors 14: Traceback (most recent call last):
  File "/home/phuonglc/project/project_v32/cartmigration/controllers/migration.py", line 1072, in migration
    import_data = fn_import(convert_data, main, ext)
  File "/home/phuonglc/project/project_v32/cartmigration/models/cart/woocommerce.py", line 2286, in category_import
    parent_id = self.import_category_parent(convert['parent'])
  File "/home/phuonglc/project/project_v32/cartmigration/models/cart/woocommerce.py", line 5107, in import_category_parent
    category_parent_import = self.category_import(convert_parent, category, categories_ext)
  File "/home/phuonglc/project/project_v32/cartmigration/models/cart/woocommerce.py", line 2278, in category_import
    "count":len(convert['categories_ext']['products_to_categories'])
KeyError: 'products_to_categories'

2021/01/27 14:10:31 : categories_errors 15: Traceback (most recent call last):
  File "/home/phuonglc/project/project_v32/cartmigration/controllers/migration.py", line 1072, in migration
    import_data = fn_import(convert_data, main, ext)
  File "/home/phuonglc/project/project_v32/cartmigration/models/cart/woocommerce.py", line 2278, in category_import
    "count":len(convert['categories_ext']['products_to_categories'])
KeyError: 'products_to_categories'

2021/01/27 14:10:32 : categories_errors 16: Traceback (most recent call last):
  File "/home/phuonglc/project/project_v32/cartmigration/controllers/migration.py", line 1072, in migration
    import_data = fn_import(convert_data, main, ext)
  File "/home/phuonglc/project/project_v32/cartmigration/models/cart/woocommerce.py", line 2278, in category_import
    "count":len(convert['categories_ext']['products_to_categories'])
KeyError: 'products_to_categories'

2021/01/27 14:10:32 : categories_errors 17: Traceback (most recent call last):
  File "/home/phuonglc/project/project_v32/cartmigration/controllers/migration.py", line 1072, in migration
    import_data = fn_import(convert_data, main, ext)
  File "/home/phuonglc/project/project_v32/cartmigration/models/cart/woocommerce.py", line 2286, in category_import
    parent_id = self.import_category_parent(convert['parent'])
  File "/home/phuonglc/project/project_v32/cartmigration/models/cart/woocommerce.py", line 5107, in import_category_parent
    category_parent_import = self.category_import(convert_parent, category, categories_ext)
  File "/home/phuonglc/project/project_v32/cartmigration/models/cart/woocommerce.py", line 2278, in category_import
    "count":len(convert['categories_ext']['products_to_categories'])
KeyError: 'products_to_categories'

2021/01/27 14:10:32 : categories_errors 19: Traceback (most recent call last):
  File "/home/phuonglc/project/project_v32/cartmigration/controllers/migration.py", line 1072, in migration
    import_data = fn_import(convert_data, main, ext)
  File "/home/phuonglc/project/project_v32/cartmigration/models/cart/woocommerce.py", line 2278, in category_import
    "count":len(convert['categories_ext']['products_to_categories'])
KeyError: 'products_to_categories'

2021/01/27 14:10:32 : categories_errors 20: Traceback (most recent call last):
  File "/home/phuonglc/project/project_v32/cartmigration/controllers/migration.py", line 1072, in migration
    import_data = fn_import(convert_data, main, ext)
  File "/home/phuonglc/project/project_v32/cartmigration/models/cart/woocommerce.py", line 2278, in category_import
    "count":len(convert['categories_ext']['products_to_categories'])
KeyError: 'products_to_categories'

2021/01/27 14:10:32 : categories_errors 22: Traceback (most recent call last):
  File "/home/phuonglc/project/project_v32/cartmigration/controllers/migration.py", line 1072, in migration
    import_data = fn_import(convert_data, main, ext)
  File "/home/phuonglc/project/project_v32/cartmigration/models/cart/woocommerce.py", line 2278, in category_import
    "count":len(convert['categories_ext']['products_to_categories'])
KeyError: 'products_to_categories'

2021/01/27 14:10:32 : categories_errors 23: Traceback (most recent call last):
  File "/home/phuonglc/project/project_v32/cartmigration/controllers/migration.py", line 1072, in migration
    import_data = fn_import(convert_data, main, ext)
  File "/home/phuonglc/project/project_v32/cartmigration/models/cart/woocommerce.py", line 2278, in category_import
    "count":len(convert['categories_ext']['products_to_categories'])
KeyError: 'products_to_categories'

